-- Pass 2 (020505) e option  --
INPUT VALUES FOR TEST:
A blank line terminates input
FIRSTI,SECOND,THIRD,
DUMP OF ASSOCIATION TEST FOLLOWS:
 FIRSTI,SECOND,THIRD,
   1     1     2  
   2     3     2  
   1     2     3  
   2     1     3  
   1     3     1  
   2     2     1  
DUMP OF ASSOCIATION RESULT FOLLOWS:
 FIRSTI,SECOND,THIRD,
   1     3     1  
   2     2     1  
DUMP OF ASSOCIATION RESULT FOLLOWS:
 FIRSTI,SECOND,THIRD,
   1     1     2  
   2     3     2  
DUMP OF ASSOCIATION RESULT FOLLOWS:
 FIRSTI,SECOND,THIRD,
   1     2     3  
   2     1     3  
DUMP OF ASSOCIATION RESULT FOLLOWS:
 FIRSTI,SECOND,THIRD,
   1     2     3  
   2     1     3  
DUMP OF ASSOCIATION RESULT FOLLOWS:
 FIRSTI,SECOND,THIRD,
   1     3     1  
   2     2     1  
DUMP OF ASSOCIATION RESULT FOLLOWS:
 FIRSTI,SECOND,THIRD,
   1     1     2  
   2     3     2  
STOP quadruple detected. 
