-- Pass 2 (020505) e option  --
INPUT VALUES FOR BBI:
A blank line terminates input
AA,BB,BI,
Input data:  
DUMP OF ASSOCIATION BBI FOLLOWS:
 AA,BB,BBI,
   1    17  1 
   2    13  1 
   2     8  1 
   3    11  1 
   2     9  1 
   4    67  1 
DUMP OF ASSOCIATION BBI FOLLOWS:
 AA,BB,BBI,XX,YY,
   1     6  1 0 0 
   5     6  1 1 1 
   2     6  1 0 0 
   3     6  1 0 0 
   2     6  1 0 0 
   4     6  1 0 0 
bi[$]= 
PE  0:  0   1   0   1   1   0   0   0   0   0   0   0   0   0   0   0 
PE 16:  0   0   0   0   0   0   0   0   0   0   0   0   0   0   0   0 
PE 32:  0   0   0   0   0   0   0   0   0   0   0   0   0   0   0   0 
PE 48:  0   0   0   0   0   0   0   0   0   0   0   0   0   0   0   0 
PE 64:  0   0   0   0   0   0   0   0   0   0   0   0   0   0   0   0 
PE 80:  0   0   0   0   0   0   0   0   0   0   0   0   0   0   0   0 
PE 96:  0   0   0   0   0   0   0   0   0   0   0   0   0   0   0   0 
PE112:  0   0   0   0   0   0   0   0   0   0   0   0   0   0   0   0 
PE128:  0   0   0   0   0   0   0   0   0   0   0   0   0   0   0   0 
PE144:  0   0   0   0   0   0   0   0   0   0   0   0   0   0   0   0 
PE160:  0   0   0   0   0   0   0   0   0   0   0   0   0   0   0   0 
PE176:  0   0   0   0   0   0   0   0   0   0   0   0   0   0   0   0 
PE192:  0   0   0   0   0   0   0   0   0   0   0   0   0   0   0   0 
PE208:  0   0   0   0   0   0   0   0   0   0   0   0   0   0   0   0 
PE224:  0   0   0   0   0   0   0   0   0   0   0   0   0   0   0   0 
PE240:  0   0   0   0   0   0   0   0   0   0   0   0   0   0   0   0 
PE256:  0   0   0   0   0   0   0   0   0   0   0   0   0   0   0   0 
PE272:  0   0   0   0   0   0   0   0   0   0   0   0   0   0   0   0 
PE288:  0   0   0   0   0   0   0   0   0   0   0   0   0   0   0   0 
PE304:  0   0   0   0   0   0   0   0   0   0   0   0   0   0   0   0 


bbi[$]= 
PE  0:  0   1   1   1   1   1   1   0   0   0   0   0   0   0   0   0 
PE 16:  0   0   0   0   0   0   0   0   0   0   0   0   0   0   0   0 
PE 32:  0   0   0   0   0   0   0   0   0   0   0   0   0   0   0   0 
PE 48:  0   0   0   0   0   0   0   0   0   0   0   0   0   0   0   0 
PE 64:  0   0   0   0   0   0   0   0   0   0   0   0   0   0   0   0 
PE 80:  0   0   0   0   0   0   0   0   0   0   0   0   0   0   0   0 
PE 96:  0   0   0   0   0   0   0   0   0   0   0   0   0   0   0   0 
PE112:  0   0   0   0   0   0   0   0   0   0   0   0   0   0   0   0 
PE128:  0   0   0   0   0   0   0   0   0   0   0   0   0   0   0   0 
PE144:  0   0   0   0   0   0   0   0   0   0   0   0   0   0   0   0 
PE160:  0   0   0   0   0   0   0   0   0   0   0   0   0   0   0   0 
PE176:  0   0   0   0   0   0   0   0   0   0   0   0   0   0   0   0 
PE192:  0   0   0   0   0   0   0   0   0   0   0   0   0   0   0   0 
PE208:  0   0   0   0   0   0   0   0   0   0   0   0   0   0   0   0 
PE224:  0   0   0   0   0   0   0   0   0   0   0   0   0   0   0   0 
PE240:  0   0   0   0   0   0   0   0   0   0   0   0   0   0   0   0 
PE256:  0   0   0   0   0   0   0   0   0   0   0   0   0   0   0   0 
PE272:  0   0   0   0   0   0   0   0   0   0   0   0   0   0   0   0 
PE288:  0   0   0   0   0   0   0   0   0   0   0   0   0   0   0   0 
PE304:  0   0   0   0   0   0   0   0   0   0   0   0   0   0   0   0 


xx[$]= 
PE  0:  0   0   1   0   0   0   0   0   0   0   0   0   0   0   0   0 
PE 16:  0   0   0   0   0   0   0   0   0   0   0   0   0   0   0   0 
PE 32:  0   0   0   0   0   0   0   0   0   0   0   0   0   0   0   0 
PE 48:  0   0   0   0   0   0   0   0   0   0   0   0   0   0   0   0 
PE 64:  0   0   0   0   0   0   0   0   0   0   0   0   0   0   0   0 
PE 80:  0   0   0   0   0   0   0   0   0   0   0   0   0   0   0   0 
PE 96:  0   0   0   0   0   0   0   0   0   0   0   0   0   0   0   0 
PE112:  0   0   0   0   0   0   0   0   0   0   0   0   0   0   0   0 
PE128:  0   0   0   0   0   0   0   0   0   0   0   0   0   0   0   0 
PE144:  0   0   0   0   0   0   0   0   0   0   0   0   0   0   0   0 
PE160:  0   0   0   0   0   0   0   0   0   0   0   0   0   0   0   0 
PE176:  0   0   0   0   0   0   0   0   0   0   0   0   0   0   0   0 
PE192:  0   0   0   0   0   0   0   0   0   0   0   0   0   0   0   0 
PE208:  0   0   0   0   0   0   0   0   0   0   0   0   0   0   0   0 
PE224:  0   0   0   0   0   0   0   0   0   0   0   0   0   0   0   0 
PE240:  0   0   0   0   0   0   0   0   0   0   0   0   0   0   0   0 
PE256:  0   0   0   0   0   0   0   0   0   0   0   0   0   0   0   0 
PE272:  0   0   0   0   0   0   0   0   0   0   0   0   0   0   0   0 
PE288:  0   0   0   0   0   0   0   0   0   0   0   0   0   0   0   0 
PE304:  0   0   0   0   0   0   0   0   0   0   0   0   0   0   0   0 


STOP quadruple detected. 
