-- Pass 2 (020505) e option  --
INPUT VALUES FOR GRAPH:
A blank line terminates input
TAIL,HEAD,WEIGHT,
DUMP OF ASSOCIATION GRAPH FOLLOWS:
 TAIL,HEAD,WEIGHT,
   5     4     2  
   4     5     2  
  12     4     1  
   4    12     1  
   1     2     3  
   2     1     3  
   2     3     1  
   3     2     1  
   3     4     4  
   4     3     4  
   4     1     8  
   1     4     8  
   5     1     9  
   1     5     9  
   6     2     2  
   2     6     2  
   7     3     1  
   3     7     1  
   8     1     4  
   1     8     4  
   8     9     6  
   9     8     6  
   9    10     2  
  10     9     2  
   6     3     4  
   3     6     4  
  10    11     4  
  11    10     4  
  10    12     3  
  12    10     3  
   9    12     2  
  12     9     2  
DUMP OF ASSOCIATION GRAPH FOLLOWS:
 TAIL,HEAD,WEIGHT,STATE,DISTANCE,
   5     4     2     4     0  
   4     5     2     4     0  
  12     4     1     4     0  
   4    12     1     4     0  
   1     2     3     2     3  
   2     1     3     0     0  
   2     3     1     3     4  
   3     2     1     0     0  
   3     4     4     4     0  
   4     3     4     4     0  
   4     1     8     0     0  
   1     4     8     3     8  
   5     1     9     0     0  
   1     5     9     3     9  
   6     2     2     0     0  
   2     6     2     3     5  
   7     3     1     4     0  
   3     7     1     4     0  
   8     1     4     0     0  
   1     8     4     3     4  
   8     9     6     4     0  
   9     8     6     4     0  
   9    10     2     4     0  
  10     9     2     4     0  
   6     3     4     4     0  
   3     6     4     4     0  
  10    11     4     4     0  
  11    10     4     0     0  
  10    12     3     4     0  
  12    10     3     4     0  
   9    12     2     4     0  
  12     9     2     4     0  
DUMP OF ASSOCIATION GRAPH FOLLOWS:
 TAIL,HEAD,WEIGHT,STATE,DISTANCE,
   5     4     2     4     0  
   4     5     2     4     0  
  12     4     1     4     0  
   4    12     1     4     0  
   1     2     3     2     3  
   2     1     3     0     0  
   2     3     1     2     4  
   3     2     1     0     0  
   3     4     4     3     8  
   4     3     4     0     0  
   4     1     8     0     0  
   1     4     8     3     8  
   5     1     9     0     0  
   1     5     9     3     9  
   6     2     2     0     0  
   2     6     2     3     5  
   7     3     1     0     0  
   3     7     1     3     5  
   8     1     4     0     0  
   1     8     4     3     4  
   8     9     6     4     0  
   9     8     6     4     0  
   9    10     2     4     0  
  10     9     2     4     0  
   6     3     4     0     0  
   3     6     4     3     8  
  10    11     4     4     0  
  11    10     4     0     0  
  10    12     3     4     0  
  12    10     3     4     0  
   9    12     2     4     0  
  12     9     2     4     0  
DUMP OF ASSOCIATION GRAPH FOLLOWS:
 TAIL,HEAD,WEIGHT,STATE,DISTANCE,
   5     4     2     4     0  
   4     5     2     4     0  
  12     4     1     4     0  
   4    12     1     4     0  
   1     2     3     2     3  
   2     1     3     0     0  
   2     3     1     2     4  
   3     2     1     0     0  
   3     4     4     3     8  
   4     3     4     0     0  
   4     1     8     0     0  
   1     4     8     3     8  
   5     1     9     0     0  
   1     5     9     3     9  
   6     2     2     0     0  
   2     6     2     3     5  
   7     3     1     0     0  
   3     7     1     3     5  
   8     1     4     0     0  
   1     8     4     2     4  
   8     9     6     3    10  
   9     8     6     0     0  
   9    10     2     4     0  
  10     9     2     4     0  
   6     3     4     0     0  
   3     6     4     3     8  
  10    11     4     4     0  
  11    10     4     0     0  
  10    12     3     4     0  
  12    10     3     4     0  
   9    12     2     4     0  
  12     9     2     4     0  
DUMP OF ASSOCIATION GRAPH FOLLOWS:
 TAIL,HEAD,WEIGHT,STATE,DISTANCE,
   5     4     2     4     0  
   4     5     2     4     0  
  12     4     1     4     0  
   4    12     1     4     0  
   1     2     3     2     3  
   2     1     3     0     0  
   2     3     1     2     4  
   3     2     1     0     0  
   3     4     4     3     8  
   4     3     4     0     0  
   4     1     8     0     0  
   1     4     8     3     8  
   5     1     9     0     0  
   1     5     9     3     9  
   6     2     2     0     0  
   2     6     2     2     5  
   7     3     1     0     0  
   3     7     1     3     5  
   8     1     4     0     0  
   1     8     4     2     4  
   8     9     6     3    10  
   9     8     6     0     0  
   9    10     2     4     0  
  10     9     2     4     0  
   6     3     4     0     0  
   3     6     4     0     8  
  10    11     4     4     0  
  11    10     4     0     0  
  10    12     3     4     0  
  12    10     3     4     0  
   9    12     2     4     0  
  12     9     2     4     0  
DUMP OF ASSOCIATION GRAPH FOLLOWS:
 TAIL,HEAD,WEIGHT,STATE,DISTANCE,
   5     4     2     4     0  
   4     5     2     4     0  
  12     4     1     4     0  
   4    12     1     4     0  
   1     2     3     2     3  
   2     1     3     0     0  
   2     3     1     2     4  
   3     2     1     0     0  
   3     4     4     3     8  
   4     3     4     0     0  
   4     1     8     0     0  
   1     4     8     3     8  
   5     1     9     0     0  
   1     5     9     3     9  
   6     2     2     0     0  
   2     6     2     2     5  
   7     3     1     0     0  
   3     7     1     2     5  
   8     1     4     0     0  
   1     8     4     2     4  
   8     9     6     3    10  
   9     8     6     0     0  
   9    10     2     4     0  
  10     9     2     4     0  
   6     3     4     0     0  
   3     6     4     0     8  
  10    11     4     4     0  
  11    10     4     0     0  
  10    12     3     4     0  
  12    10     3     4     0  
   9    12     2     4     0  
  12     9     2     4     0  
DUMP OF ASSOCIATION GRAPH FOLLOWS:
 TAIL,HEAD,WEIGHT,STATE,DISTANCE,
   5     4     2     0     0  
   4     5     2     3    10  
  12     4     1     0     0  
   4    12     1     3     9  
   1     2     3     2     3  
   2     1     3     0     0  
   2     3     1     2     4  
   3     2     1     0     0  
   3     4     4     2     8  
   4     3     4     0     0  
   4     1     8     0     0  
   1     4     8     0     8  
   5     1     9     0     0  
   1     5     9     3     9  
   6     2     2     0     0  
   2     6     2     2     5  
   7     3     1     0     0  
   3     7     1     2     5  
   8     1     4     0     0  
   1     8     4     2     4  
   8     9     6     3    10  
   9     8     6     0     0  
   9    10     2     4     0  
  10     9     2     4     0  
   6     3     4     0     0  
   3     6     4     0     8  
  10    11     4     4     0  
  11    10     4     0     0  
  10    12     3     4     0  
  12    10     3     4     0  
   9    12     2     4     0  
  12     9     2     4     0  
DUMP OF ASSOCIATION GRAPH FOLLOWS:
 TAIL,HEAD,WEIGHT,STATE,DISTANCE,
   5     4     2     0     0  
   4     5     2     3    10  
  12     4     1     0     0  
   4    12     1     2     9  
   1     2     3     2     3  
   2     1     3     0     0  
   2     3     1     2     4  
   3     2     1     0     0  
   3     4     4     2     8  
   4     3     4     0     0  
   4     1     8     0     0  
   1     4     8     0     8  
   5     1     9     0     0  
   1     5     9     3     9  
   6     2     2     0     0  
   2     6     2     2     5  
   7     3     1     0     0  
   3     7     1     2     5  
   8     1     4     0     0  
   1     8     4     2     4  
   8     9     6     3    10  
   9     8     6     0     0  
   9    10     2     4     0  
  10     9     2     4     0  
   6     3     4     0     0  
   3     6     4     0     8  
  10    11     4     4     0  
  11    10     4     0     0  
  10    12     3     0     0  
  12    10     3     3    12  
   9    12     2     0     0  
  12     9     2     3    11  
DUMP OF ASSOCIATION GRAPH FOLLOWS:
 TAIL,HEAD,WEIGHT,STATE,DISTANCE,
   5     4     2     0     0  
   4     5     2     0    10  
  12     4     1     0     0  
   4    12     1     2     9  
   1     2     3     2     3  
   2     1     3     0     0  
   2     3     1     2     4  
   3     2     1     0     0  
   3     4     4     2     8  
   4     3     4     0     0  
   4     1     8     0     0  
   1     4     8     0     8  
   5     1     9     0     0  
   1     5     9     2     9  
   6     2     2     0     0  
   2     6     2     2     5  
   7     3     1     0     0  
   3     7     1     2     5  
   8     1     4     0     0  
   1     8     4     2     4  
   8     9     6     3    10  
   9     8     6     0     0  
   9    10     2     4     0  
  10     9     2     4     0  
   6     3     4     0     0  
   3     6     4     0     8  
  10    11     4     4     0  
  11    10     4     0     0  
  10    12     3     0     0  
  12    10     3     3    12  
   9    12     2     0     0  
  12     9     2     3    11  
DUMP OF ASSOCIATION GRAPH FOLLOWS:
 TAIL,HEAD,WEIGHT,STATE,DISTANCE,
   5     4     2     0     0  
   4     5     2     0    10  
  12     4     1     0     0  
   4    12     1     2     9  
   1     2     3     2     3  
   2     1     3     0     0  
   2     3     1     2     4  
   3     2     1     0     0  
   3     4     4     2     8  
   4     3     4     0     0  
   4     1     8     0     0  
   1     4     8     0     8  
   5     1     9     0     0  
   1     5     9     2     9  
   6     2     2     0     0  
   2     6     2     2     5  
   7     3     1     0     0  
   3     7     1     2     5  
   8     1     4     0     0  
   1     8     4     2     4  
   8     9     6     2    10  
   9     8     6     0     0  
   9    10     2     3    12  
  10     9     2     0     0  
   6     3     4     0     0  
   3     6     4     0     8  
  10    11     4     4     0  
  11    10     4     0     0  
  10    12     3     0     0  
  12    10     3     3    12  
   9    12     2     0     0  
  12     9     2     0    11  
DUMP OF ASSOCIATION GRAPH FOLLOWS:
 TAIL,HEAD,WEIGHT,STATE,DISTANCE,
   5     4     2     0     0  
   4     5     2     0    10  
  12     4     1     0     0  
   4    12     1     2     9  
   1     2     3     2     3  
   2     1     3     0     0  
   2     3     1     2     4  
   3     2     1     0     0  
   3     4     4     2     8  
   4     3     4     0     0  
   4     1     8     0     0  
   1     4     8     0     8  
   5     1     9     0     0  
   1     5     9     2     9  
   6     2     2     0     0  
   2     6     2     2     5  
   7     3     1     0     0  
   3     7     1     2     5  
   8     1     4     0     0  
   1     8     4     2     4  
   8     9     6     2    10  
   9     8     6     0     0  
   9    10     2     2    12  
  10     9     2     0     0  
   6     3     4     0     0  
   3     6     4     0     8  
  10    11     4     3    16  
  11    10     4     0     0  
  10    12     3     0     0  
  12    10     3     0    12  
   9    12     2     0     0  
  12     9     2     0    11  
DUMP OF ASSOCIATION GRAPH FOLLOWS:
 TAIL,HEAD,WEIGHT,STATE,DISTANCE,
   5     4     2     0     0  
   4     5     2     0    10  
  12     4     1     0     0  
   4    12     1     2     9  
   1     2     3     2     3  
   2     1     3     0     0  
   2     3     1     2     4  
   3     2     1     0     0  
   3     4     4     2     8  
   4     3     4     0     0  
   4     1     8     0     0  
   1     4     8     0     8  
   5     1     9     0     0  
   1     5     9     2     9  
   6     2     2     0     0  
   2     6     2     2     5  
   7     3     1     0     0  
   3     7     1     2     5  
   8     1     4     0     0  
   1     8     4     2     4  
   8     9     6     2    10  
   9     8     6     0     0  
   9    10     2     2    12  
  10     9     2     0     0  
   6     3     4     0     0  
   3     6     4     0     8  
  10    11     4     2    16  
  11    10     4     0     0  
  10    12     3     0     0  
  12    10     3     0    12  
   9    12     2     0     0  
  12     9     2     0    11  
DUMP OF ASSOCIATION GRAPH FOLLOWS:
 TAIL,HEAD,WEIGHT,STATE,DISTANCE,
   5     4     2     0     0  
   4     5     2     0    10  
  12     4     1     0     0  
   4    12     1     2     9  
   1     2     3     2     3  
   2     1     3     0     0  
   2     3     1     2     4  
   3     2     1     0     0  
   3     4     4     2     8  
   4     3     4     0     0  
   4     1     8     0     0  
   1     4     8     0     8  
   5     1     9     0     0  
   1     5     9     2     9  
   6     2     2     0     0  
   2     6     2     2     5  
   7     3     1     0     0  
   3     7     1     2     5  
   8     1     4     0     0  
   1     8     4     2     4  
   8     9     6     2    10  
   9     8     6     0     0  
   9    10     2     2    12  
  10     9     2     0     0  
   6     3     4     0     0  
   3     6     4     0     8  
  10    11     4     1    16  
  11    10     4     0     0  
  10    12     3     0     0  
  12    10     3     0    12  
   9    12     2     0     0  
  12     9     2     0    11  
DUMP OF ASSOCIATION GRAPH FOLLOWS:
 TAIL,HEAD,WEIGHT,STATE,DISTANCE,
   5     4     2     0     0  
   4     5     2     0    10  
  12     4     1     0     0  
   4    12     1     2     9  
   1     2     3     2     3  
   2     1     3     0     0  
   2     3     1     2     4  
   3     2     1     0     0  
   3     4     4     2     8  
   4     3     4     0     0  
   4     1     8     0     0  
   1     4     8     0     8  
   5     1     9     0     0  
   1     5     9     2     9  
   6     2     2     0     0  
   2     6     2     2     5  
   7     3     1     0     0  
   3     7     1     2     5  
   8     1     4     0     0  
   1     8     4     2     4  
   8     9     6     2    10  
   9     8     6     0     0  
   9    10     2     1    12  
  10     9     2     0     0  
   6     3     4     0     0  
   3     6     4     0     8  
  10    11     4     1    16  
  11    10     4     0     0  
  10    12     3     0     0  
  12    10     3     0    12  
   9    12     2     0     0  
  12     9     2     0    11  
DUMP OF ASSOCIATION GRAPH FOLLOWS:
 TAIL,HEAD,WEIGHT,STATE,DISTANCE,
   5     4     2     0     0  
   4     5     2     0    10  
  12     4     1     0     0  
   4    12     1     2     9  
   1     2     3     2     3  
   2     1     3     0     0  
   2     3     1     2     4  
   3     2     1     0     0  
   3     4     4     2     8  
   4     3     4     0     0  
   4     1     8     0     0  
   1     4     8     0     8  
   5     1     9     0     0  
   1     5     9     2     9  
   6     2     2     0     0  
   2     6     2     2     5  
   7     3     1     0     0  
   3     7     1     2     5  
   8     1     4     0     0  
   1     8     4     2     4  
   8     9     6     1    10  
   9     8     6     0     0  
   9    10     2     1    12  
  10     9     2     0     0  
   6     3     4     0     0  
   3     6     4     0     8  
  10    11     4     1    16  
  11    10     4     0     0  
  10    12     3     0     0  
  12    10     3     0    12  
   9    12     2     0     0  
  12     9     2     0    11  
DUMP OF ASSOCIATION GRAPH FOLLOWS:
 TAIL,HEAD,WEIGHT,STATE,DISTANCE,
   5     4     2     0     0  
   4     5     2     0    10  
  12     4     1     0     0  
   4    12     1     2     9  
   1     2     3     2     3  
   2     1     3     0     0  
   2     3     1     2     4  
   3     2     1     0     0  
   3     4     4     2     8  
   4     3     4     0     0  
   4     1     8     0     0  
   1     4     8     0     8  
   5     1     9     0     0  
   1     5     9     2     9  
   6     2     2     0     0  
   2     6     2     2     5  
   7     3     1     0     0  
   3     7     1     2     5  
   8     1     4     0     0  
   1     8     4     1     4  
   8     9     6     1    10  
   9     8     6     0     0  
   9    10     2     1    12  
  10     9     2     0     0  
   6     3     4     0     0  
   3     6     4     0     8  
  10    11     4     1    16  
  11    10     4     0     0  
  10    12     3     0     0  
  12    10     3     0    12  
   9    12     2     0     0  
  12     9     2     0    11  
SCALAR OPERATIONS 171
PARALLEL OPERATIONS 3771
DUMP OF ASSOCIATION RESULT FOLLOWS:
 TAIL,HEAD,WEIGHT,
   1     8     4  
   8     9     6  
   9    10     2  
  10    11     4  
STOP quadruple detected. 
