-- Pass 2 (020505) e option  --
INPUT VALUES FOR GRAPH:
A blank line terminates input
TAIL,HEAD,WEIGHT,
Input data is:  
DUMP OF ASSOCIATION GRAPH FOLLOWS:
 TAIL,HEAD,WEIGHT,
   1     2     3  
   2     1     3  
   2     3     1  
   3     2     1  
   3     4     4  
   4     3     4  
   4     1     8  
   1     4     2  
   5     1     9  
   6     2     2  
   2     6     2  
   7     3     1  
   3     7     1  
   8     1     4  
   1     8     4  
   8     9     6  
   9     8     6  
   9    10     2  
  10     9     2  
   6     3     4  
   3     6     4  
  10    11     4  
  11    10     4  
  10    12     3  
  12    10     3  
   9    12     2  
  12     9     2  
nodetail and nodehead  2 3
34 WARNING - first called with null mask, command=1d02
DUMP OF ASSOCIATION RESULT FOLLOWS:
 TAIL,HEAD,WEIGHT,
   2     1     3  
   2     3     1  
   1     4     2  
   2     6     2  
   3     7     1  
   1     8     4  
   8     9     6  
   9    10     2  
  10    11     4  
   9    12     2  
STOP quadruple detected. 
