   1 /* The ASC Minimum Spanning Tree - with slight modifications from ASC PRIMER */
   2 main mst
	include    	
   3 
   4 /* Note: Vertices were encoded as integers */
   5 
   6 deflog (TRUE, 1);
	shape_    	4096,1,1 1,0,0
	main    	MST
	ident    	
	temp_fxsc    	STMP$, 48, 0, 0, 16, CS$
	entry_    	STMP$
	temp_flsc    	SFTMP$, 61, 0, 8, 24, CS$
	entry_    	SFTMP$
	decl_fxsc    	OUTBF$, 7200, 0, 0, 16, CS$
	entry_    	OUTBF$
	decl_fxpa    	STACK$, 32, 0, 0, 32, CS$
	entry_    	STACK$
	decl_fxsc    	host_stack$, 1, 0, 0, 16, CS$
	entry_    	host_stack$
	temp_fxpa    	IPTMP$, 16, 16, 0, 16, CS$
	temp_flpa    	RPTMP$, 15, 32, 8, 24, CS$
	temp_lgpa    	LPTMP$, 17, 1, 0, 1, CS$
	temp_lipa    	LITMP$, 5, 32, 0, 32, CS$
	decl_lgpa    	TRUE$, 1, 1, 0, 1, CS$
	decl_lgpa    	FALSE$, 1, 1, 0, 1, CS$
	decl_lgpa    	IOMASK, 1, 1, 0, 1, CS$
	decl_fxcn    	C10D$, 1, 10, 0, 16
	entry_    	C10D$
	decl_fxcn    	C8D$, 1, 8, 0, 16
	entry_    	C8D$
	decl_fxcn    	C2D$, 1, 2, 0, 16
	entry_    	C2D$
	decl_fxcn    	C1D$, 1, 1, 0, 16
	entry_    	C1D$
	decl_fxcn    	C0D$, 1, 0, 0, 16
	entry_    	C0D$
	decl_fxcn    	C16D$, 1, 16, 0, 16
	entry_    	C16D$
	decl_fxcn    	C48D$, 1, 48, 0, 16
	entry_    	C48D$
	decl_fxcn    	C45D$, 1, 45, 0, 16
	entry_    	C45D$
	decl_fxcn    	C32D$, 1, 32, 0, 16
	entry_    	C32D$
	decl_lgpa    	THEM, 1, 1, 0, 1, CS$
	decl_fxpa    	LEX$, 1, 96, 0, 96, CS$
	decl_fxpa    	LEX_VAL$, 1, 96, 0, 96, CS$
	decl_lgpa    	LEX_BI$, 1, 1, 0, 1, CS$
	decl_lgpa    	GLOBAL_BI$, 1, 1, 0, 1, CS$
	decl_lgpa    	THEIR, 1, 1, 0, 1, CS$
	decl_lgpa    	ITS, 1, 1, 0, 1, CS$
	decl_lgpa    	THE, 1, 1, 0, 1, CS$
	decl_lgpa    	AN, 1, 1, 0, 1, CS$
	decl_lgpa    	A, 1, 1, 0, 1, CS$
	decl_lgpa    	@, 1, 1, 0, 1, CS$
	decl_fxsc    	PERFORM, 1, 1, 0, 1, CS$
	decl_fxsc    	PA_PERFORM, 1, 1, 0, 1, CS$
	decl_fxsc    	SC_PERFORM, 1, 1, 0, 1, CS$
	decl_fxsc    	HANDLE$, 2, 0, 0, 16, CS$
	decl_lgcn    	TRUE, 1, 1, 0, 1
   7 deflog (FALSE, 0);
	decl_lgcn    	FALSE, 1, 0, 0, 1
   8 
   9 int parallel tail[$], head[$];
	decl_fxpa    	TAIL, 1, 16, 0, 16, CS$
	decl_fxpa    	HEAD, 1, 16, 0, 16, CS$
  10 int parallel weight[$], state[$];
	decl_fxpa    	WEIGHT, 1, 16, 0, 16, CS$
	decl_fxpa    	STATE, 1, 16, 0, 16, CS$
  11 int scalar nodehead, nodetail;
	decl_fxsc    	NODEHEAD, 1, 0, 0, 16, CS$
	entry_    	NODEHEAD
	decl_fxsc    	NODETAIL, 1, 0, 0, 16, CS$
	entry_    	NODETAIL
  12 index parallel xx[$];
	decl_lgpa    	XX, 1, 1, 0, 1, CS$
  13 logical parallel nxtnod[$], graph[$], result[$];
	decl_lgpa    	NXTNOD, 1, 1, 0, 1, CS$
	decl_lgpa    	GRAPH, 1, 1, 0, 1, CS$
	decl_lgpa    	RESULT, 1, 1, 0, 1, CS$
  14 
  15 associate head[$], tail[$], weight[$], state[$] with graph[$];
  16 
  17 /* On a directed graph, the arrow goes from tail to head */
  18 	read tail[$], head[$], weight[$] in graph[$];
	clr_array    	
	alloc_    	THE
	init_stack    	
	beg_of_stmt     	18, 0
  19 	msg "Input data is: ";
	beg_read    	SYSOT, GRAPH, TAIL,HEAD,WEIGHT,
	mvsc_fxsc    	C0D$, STMP$+0
	mvsc_fxsc    	C0D$, STMP$+1
	loop_    	PT$S1
	read_ln    	SYSIN, STMP$+1, PT$R1
	until_sc    	STMP$+1, PT$E1
	read_fxpa    	OUTBF$,C0D$, STMP$+0, 16, PT$R1
	decl_fxcn    	C2400D$, 1, 2400, 0, 16
	entry_    	C2400D$
	read_fxpa    	OUTBF$,C2400D$, STMP$+0, 16, PT$R1
	decl_fxcn    	C4800D$, 1, 4800, 0, 16
	entry_    	C4800D$
	read_fxpa    	OUTBF$,C4800D$, STMP$+0, 16, PT$R1
	addfxsc    	STMP$+0, C1D$, STMP$+0
	endloop    	PT$E1, PT$S1
	gtfxsc    	STMP$+0, C2400D$, STMP$+1
	if_sc    	STMP$+1, PT$N1
	msg    	SYSOT, ERROR - I/O BUFFER OVERFLOW ON READ - SOME DATA OVERWRITTEN.
	else_sc    	PT$F1, PT$N1
	endif_sc    	PT$F1
	ioalloc2    	GRAPH, STMP$+0
	expandfxpa    	OUTBF$,C0D$, TAIL, C16D$
	input_fxpa    	TAIL, C16D$
	expandfxpa    	OUTBF$,C2400D$, HEAD, C16D$
	input_fxpa    	HEAD, C16D$
	expandfxpa    	OUTBF$,C4800D$, WEIGHT, C16D$
	input_fxpa    	WEIGHT, C16D$
	endread_    	
	beg_of_stmt     	19, 0
	msg_     	SYSOT, Input data is: 
  20 	print tail[$], head[$], weight[$] in graph[$];
	print_nl    	SYSOT
	beg_of_stmt     	20, 0
  21 
  22 /* Picks first node and edge. */
  23 setscope graph[$]
	fstout_    	GRAPH
	outpt_fxpa    	TAIL, C16D$
	colapsefxpa    	OUTBF$,C0D$, STMP$+0, TAIL, C16D$
	outpt_fxpa    	HEAD, C16D$
	colapsefxpa    	OUTBF$,C2400D$, STMP$+0, HEAD, C16D$
	outpt_fxpa    	WEIGHT, C16D$
	colapsefxpa    	OUTBF$,C4800D$, STMP$+0, WEIGHT, C16D$
	beg_print    	SYSOT, GRAPH, TAIL,HEAD,WEIGHT,
	gtfxsc    	STMP$+0, C2400D$, STMP$+1
	if_sc    	STMP$+1, PT$N2
	msg    	SYSOT, ERROR - I/O BUFFER OVERFLOW ON PRINT - SOME DATA LOST.
	else_sc    	PT$F2, PT$N2
	endif_sc    	PT$F2
	mvsc_fxsc    	C0D$, STMP$+1
	loop_    	PT$S2
	gefxsc    	STMP$+1, STMP$+0, STMP$+2
	until_sc    	STMP$+2, PT$E2
	sprint_fxpa    	SYSOT, OUTBF$,C0D$, STMP$+1, CS$
	print_del    	SYSOT
	sprint_fxpa    	SYSOT, OUTBF$,C2400D$, STMP$+1, CS$
	print_del    	SYSOT
	sprint_fxpa    	SYSOT, OUTBF$,C4800D$, STMP$+1, CS$
	print_del    	SYSOT
	print_nl    	SYSOT
	addfxsc    	STMP$+1, C1D$, STMP$+1
	endloop    	PT$E2, PT$S2
	endprint    	
	beg_of_stmt     	23, 0
  24 	nodetail = tail[mindex(weight[$])];
	mvpa_lgpa    	GRAPH, THEM
	stack_scope    	GRAPH
	beg_of_stmt     	24, 0
	mindexfxpa    	WEIGHT, LPTMP$+0
	mvpa_fx    	TAIL, STMP$+0, LPTMP$+0, C16D$
	mvsc_lgmm    	THE, STMP$+0, TAIL
	mvsc_fxsc    	STMP$+0, NODETAIL
  25       nodehead = head[mindex(weight[$])];
	beg_of_stmt     	25, 0
	mindexfxpa    	WEIGHT, LPTMP$+0
	mvpa_fx    	HEAD, STMP$+0, LPTMP$+0, C16D$
	mvsc_lgmm    	THE, STMP$+0, HEAD
	mvsc_fxsc    	STMP$+0, NODEHEAD
  26 endsetscope;
	beg_of_stmt     	26, 0
	pop_scope    	
  27 
  28 msg "nodetail and nodehead " nodetail, nodehead;
	beg_of_stmt     	28, 0
	msg_     	SYSOT, nodetail and nodehead 
	dump_fxsc    	SYSOT, NODETAIL, CS$
	print_del    	SYSOT
	dump_fxsc    	SYSOT, NODEHEAD, CS$
  29 /* Select all edges incident with node and put them in V2; else 
  30 put them in V3 */
  31 	if (nodetail == tail[$]) then state[$] = 2; else state[$] = 3; endif;
	print_nl    	SYSOT
	beg_of_stmt     	31, 0
	begif    	IF$S1
	eq_fxcl    	NODETAIL, TAIL, LPTMP$+0
	mvpa_lgpa    	LPTMP$+0, THEM
	if_pa    	LPTMP$+0, ELS$1
	beg_of_stmt     	31, 0
	mvsc_fxpa    	C2D$, STATE, C16D$
	beg_of_stmt     	31, 0
	label    	ELS$1
	else_pa    	IF$E1
	beg_of_stmt     	31, 0
	decl_fxcn    	C3D$, 1, 3, 0, 16
	entry_    	C3D$
	mvsc_fxpa    	C3D$, STATE, C16D$
	beg_of_stmt     	31, 0
	endif_pa    	IF$E1
  32 
  33 
  34 state[nxtnod[$]] = 1; /* Before- failed to put start node in V1 */
	beg_of_stmt     	34, 0
	resf_pa    	NXTNOD, LPTMP$+0
	mvsc_fxmm    	LPTMP$+0, C1D$, STATE
  35 
  36 /* Throw out reverse edge */
  37 	if (head[$] == nodetail && tail[$] == nodehead) then state[$] = 0; endif;
	beg_of_stmt     	37, 0
	begif    	IF$S2
	eq_fxcr    	HEAD, NODETAIL, LPTMP$+0
	eq_fxcr    	TAIL, NODEHEAD, LPTMP$+1
	and_lgpa    	LPTMP$+0, LPTMP$+1, LPTMP$+2
	mvpa_lgpa    	LPTMP$+2, THEM
	if_pa    	LPTMP$+2, ELS$2
	beg_of_stmt     	37, 0
	mvsc_fxpa    	C0D$, STATE, C16D$
	beg_of_stmt     	37, 0
	label    	ELS$2
	endif_pa    	IF$E2
  38 
  39 while xx in (state[$] == 2)  /* Loop until there are no more nodes
	beg_of_stmt     	39, 0
	setscope    	WI$S1
	begwhile    	WI$R1
	eq_fxcr    	STATE, C2D$, LPTMP$+0
  40                              in V2 */
  41       /* Select lowest order PE holding minimum weight of those
  42       nodes in V2 */
  43 	if (state[$] == 2) then nxtnod[$] = mindex(weight[$]); endif;
	mvpa_lgpa    	LPTMP$+0, THEM
	while    	LPTMP$+0, XX, WI$E1
	mvpa_lgpa    	XX, ITS
	beg_of_stmt     	43, 0
	begif    	IF$S3
	eq_fxcr    	STATE, C2D$, LPTMP$+0
	mvpa_lgpa    	LPTMP$+0, THEM
	if_pa    	LPTMP$+0, ELS$3
	beg_of_stmt     	43, 0
	mindexfxpa    	WEIGHT, LPTMP$+0
	mvpa_lgpa    	LPTMP$+0, THEM
	mvpa_lgpa    	LPTMP$+0, NXTNOD
	beg_of_stmt     	43, 0
	label    	ELS$3
	endif_pa    	IF$E3
  44 
  45 	/* Select the head node in the PE chosen above*/
  46 	nodehead = head[nxtnod[$]];
	beg_of_stmt     	46, 0
	mvpa_fx    	HEAD, STMP$+0, NXTNOD, C16D$
	mvsc_lgmm    	THE, STMP$+0, HEAD
	mvsc_fxsc    	STMP$+0, NODEHEAD
  47 
  48 	/* Put new node in V1 */
  49 	state[nxtnod[$]] = 1;
	beg_of_stmt     	49, 0
	resf_pa    	NXTNOD, LPTMP$+0
	mvsc_fxmm    	LPTMP$+0, C1D$, STATE
  50 
  51 	/* If selected XY for V1, throw out YX the double edge */
  52 	if (head[$] == nodetail && tail[$] == nodehead)then state[$] = 0; endif;
	beg_of_stmt     	52, 0
	begif    	IF$S4
	eq_fxcr    	HEAD, NODETAIL, LPTMP$+0
	eq_fxcr    	TAIL, NODEHEAD, LPTMP$+1
	and_lgpa    	LPTMP$+0, LPTMP$+1, LPTMP$+2
	mvpa_lgpa    	LPTMP$+2, THEM
	if_pa    	LPTMP$+2, ELS$4
	beg_of_stmt     	52, 0
	mvsc_fxpa    	C0D$, STATE, C16D$
	beg_of_stmt     	52, 0
	label    	ELS$4
	endif_pa    	IF$E4
  53 
  54 	/* Throw out edges with head the same as one picked */
  55 	if (head[$] == nodehead && state[$] != 1) then
	beg_of_stmt     	55, 0
	begif    	IF$S5
	eq_fxcr    	HEAD, NODEHEAD, LPTMP$+0
	ne_fxcr    	STATE, C1D$, LPTMP$+1
	and_lgpa    	LPTMP$+0, LPTMP$+1, LPTMP$+2
	mvpa_lgpa    	LPTMP$+2, THEM
  56 		state[$] = 0;  endif; 
	if_pa    	LPTMP$+2, ELS$5
	beg_of_stmt     	56, 0
	mvsc_fxpa    	C0D$, STATE, C16D$
	beg_of_stmt     	56, 0
	label    	ELS$5
	endif_pa    	IF$E5
  57 
  58 	/* Get new candidates */
  59 	if (state[$] == 3 && nodehead == tail[$]) then state[$] = 2; endif;
	beg_of_stmt     	59, 0
	begif    	IF$S6
	eq_fxcr    	STATE, C3D$, LPTMP$+0
	eq_fxcl    	NODEHEAD, TAIL, LPTMP$+1
	and_lgpa    	LPTMP$+0, LPTMP$+1, LPTMP$+2
	mvpa_lgpa    	LPTMP$+2, THEM
	if_pa    	LPTMP$+2, ELS$6
	beg_of_stmt     	59, 0
	mvsc_fxpa    	C2D$, STATE, C16D$
	beg_of_stmt     	59, 0
	label    	ELS$6
	endif_pa    	IF$E6
  60 
  61 	nxtnod[$] = FALSE; 	/* must clear when done for next iteration */
	beg_of_stmt     	61, 0
	mvsc_lgpa    	FALSE, NXTNOD, C1D$
  62 endwhile xx;
	beg_of_stmt     	62, 0
	endwhile    	WI$E1, WI$R1
  63 
  64 /* All state 1 edges are in the final minimal spanning tree */
  65 if (state[$] == 1) then result[$] = TRUE; endif;
	beg_of_stmt     	65, 0
	begif    	IF$S7
	eq_fxcr    	STATE, C1D$, LPTMP$+0
	mvpa_lgpa    	LPTMP$+0, THEM
	if_pa    	LPTMP$+0, ELS$7
	beg_of_stmt     	65, 0
	mvsc_lgpa    	TRUE, RESULT, C1D$
	beg_of_stmt     	65, 0
	label    	ELS$7
	endif_pa    	IF$E7
  66 print tail[$] head[$] weight[$] in result[$];
	beg_of_stmt     	66, 0
  67 
  68 end;
	fstout_    	RESULT
	outpt_fxpa    	TAIL, C16D$
	colapsefxpa    	OUTBF$,C0D$, STMP$+0, TAIL, C16D$
	outpt_fxpa    	HEAD, C16D$
	colapsefxpa    	OUTBF$,C2400D$, STMP$+0, HEAD, C16D$
	outpt_fxpa    	WEIGHT, C16D$
	colapsefxpa    	OUTBF$,C4800D$, STMP$+0, WEIGHT, C16D$
	beg_print    	SYSOT, RESULT, TAIL,HEAD,WEIGHT,
	gtfxsc    	STMP$+0, C2400D$, STMP$+1
	if_sc    	STMP$+1, PT$N3
	msg    	SYSOT, ERROR - I/O BUFFER OVERFLOW ON PRINT - SOME DATA LOST.
	else_sc    	PT$F3, PT$N3
	endif_sc    	PT$F3
	mvsc_fxsc    	C0D$, STMP$+1
	loop_    	PT$S3
	gefxsc    	STMP$+1, STMP$+0, STMP$+2
	until_sc    	STMP$+2, PT$E3
	sprint_fxpa    	SYSOT, OUTBF$,C0D$, STMP$+1, CS$
	print_del    	SYSOT
	sprint_fxpa    	SYSOT, OUTBF$,C2400D$, STMP$+1, CS$
	print_del    	SYSOT
	sprint_fxpa    	SYSOT, OUTBF$,C4800D$, STMP$+1, CS$
	print_del    	SYSOT
	print_nl    	SYSOT
	addfxsc    	STMP$+1, C1D$, STMP$+1
	endloop    	PT$E3, PT$S3
	endprint    	
	beg_of_stmt     	68, 0
	label_    	$EXIT$
	stop_    	
	endmain    	MST
  69 	
  70 
  71 ÿ
