-- Pass 2 (020505) e option  --
INPUT VALUES FOR GRAPH:
A blank line terminates input
TAIL,HEAD,WEIGHT,
Input data is:  
DUMP OF ASSOCIATION GRAPH FOLLOWS:
 TAIL,HEAD,WEIGHT,
   1     2     3  
   2     1     3  
   2     3     1  
   3     2     1  
   3     4     4  
   4     3     4  
   4     1     8  
   1     4     8  
   2     5     3  
   5     2     3  
   3     5     7  
   5     3     7  
   5     6     1  
   6     5     1  
   3     6     5  
   6     3     5  
nodetail and nodehead  2 3
34 WARNING - first called with null mask, command=1d02
DUMP OF ASSOCIATION RESULT FOLLOWS:
 TAIL,HEAD,WEIGHT,
   2     1     3  
   2     3     1  
   3     4     4  
   2     5     3  
   5     6     1  
STOP quadruple detected. 
